<?xml version="1.0" encoding="UTF-8"?>
<!-- Generated by org.testng.reporters.JUnitReportReporter -->
<testsuite hostname="Rupali" failures="0" tests="1" name="com.testcases.LoginPageTest" time="20.492" errors="0" timestamp="27 Dec 2022 05:31:48 GMT">
  <testcase classname="com.testcases.LoginPageTest" name="ValidateLogin" time="20.492"/>
</testsuite> <!-- com.testcases.LoginPageTest -->
