<?xml version="1.0" encoding="UTF-8"?>
<!-- Generated by org.testng.reporters.JUnitReportReporter -->
<testsuite hostname="Rupali" failures="0" tests="1" name="com.testcases.AddRecruitmentTest" time="65.087" errors="0" timestamp="27 Dec 2022 07:27:03 GMT">
  <testcase classname="com.testcases.AddRecruitmentTest" name="validateAddRecruitment" time="65.087"/>
</testsuite> <!-- com.testcases.AddRecruitmentTest -->
