<?xml version="1.0" encoding="UTF-8"?>
<!-- Generated by org.testng.reporters.JUnitReportReporter -->
<testsuite hostname="Rupali" failures="0" tests="1" name="com.testcases.AddVaccancyTest" time="43.461" errors="0" timestamp="27 Dec 2022 08:52:47 GMT">
  <testcase classname="com.testcases.AddVaccancyTest" name="validateAddVaccancy" time="43.461"/>
</testsuite> <!-- com.testcases.AddVaccancyTest -->
